# JRE version: OpenJDK Runtime Environment Temurin-21.0.9+10 (21.0.9+10) (build 21.0.9+10-LTS)
# Java VM: OpenJDK 64-Bit Server VM Temurin-21.0.9+10 (21.0.9+10-LTS, mixed mode, sharing, tiered, compressed oops, compressed class ptrs, parallel gc, windows-amd64)
GC Precious Log:
 CardTable entry size: 512
 CPUs: 8 total, 8 available
 Memory: 7932M
 Large Page Support: Disabled
 NUMA Support: Disabled
 Compressed Oops: Enabled (32-bit)
 Alignments: Space 512K, Generation 512K, Heap 2M
 Heap Min Capacity: 100M
 Heap Initial Capacity: 100M
 Heap Max Capacity: 2G
 Pre-touch: Disabled
 Parallel Workers: 8
Heap:
 PSYoungGen      total 11776K, used 9526K [0x00000000d5580000, 0x00000000d6480000, 0x0000000100000000)
  eden space 10752K, 86% used [0x00000000d5580000,0x00000000d5e8d820,0x00000000d6000000)
  from space 1024K, 25% used [0x00000000d6300000,0x00000000d6340000,0x00000000d6400000)
  to   space 512K, 0% used [0x00000000d6400000,0x00000000d6400000,0x00000000d6480000)
 ParOldGen       total 827392K, used 827301K [0x0000000080000000, 0x00000000b2800000, 0x00000000d5580000)
  object space 827392K, 99% used [0x0000000080000000,0x00000000b27e9670,0x00000000b2800000)
 Metaspace       used 111349K, committed 113472K, reserved 1179648K
  class space    used 11256K, committed 12224K, reserved 1048576K
GC Heap History (20 events):
Event: 345861.221 GC heap before
{Heap before GC invocations=5373 (full 7):
 PSYoungGen      total 12288K, used 11069K [0x00000000d5580000, 0x00000000d6280000, 0x0000000100000000)
  eden space 11776K, 92% used [0x00000000d5580000,0x00000000d6018c88,0x00000000d6100000)
  from space 512K, 42% used [0x00000000d6180000,0x00000000d61b6900,0x00000000d6200000)
  to   space 512K, 0% used [0x00000000d6200000,0x00000000d6200000,0x00000000d6280000)
 ParOldGen       total 821760K, used 821321K [0x0000000080000000, 0x00000000b2280000, 0x00000000d5580000)
  object space 821760K, 99% used [0x0000000080000000,0x00000000b2212660,0x00000000b2280000)
 Metaspace       used 111340K, committed 113408K, reserved 1179648K
  class space    used 11255K, committed 12160K, reserved 1048576K
}
Event: 345861.223 GC heap after
{Heap after GC invocations=5373 (full 7):
 PSYoungGen      total 12288K, used 212K [0x00000000d5580000, 0x00000000d6280000, 0x0000000100000000)
  eden space 11776K, 0% used [0x00000000d5580000,0x00000000d5580000,0x00000000d6100000)
  from space 512K, 41% used [0x00000000d6200000,0x00000000d6235200,0x00000000d6280000)
  to   space 512K, 0% used [0x00000000d6180000,0x00000000d6180000,0x00000000d6200000)
 ParOldGen       total 821760K, used 821369K [0x0000000080000000, 0x00000000b2280000, 0x00000000d5580000)
  object space 821760K, 99% used [0x0000000080000000,0x00000000b221e660,0x00000000b2280000)
 Metaspace       used 111340K, committed 113408K, reserved 1179648K
  class space    used 11255K, committed 12160K, reserved 1048576K
}
Event: 345861.239 GC heap before
{Heap before GC invocations=5374 (full 7):
 PSYoungGen      total 12288K, used 11988K [0x00000000d5580000, 0x00000000d6280000, 0x0000000100000000)
  eden space 11776K, 99% used [0x00000000d5580000,0x00000000d60ffff8,0x00000000d6100000)
  from space 512K, 41% used [0x00000000d6200000,0x00000000d6235200,0x00000000d6280000)
  to   space 512K, 0% used [0x00000000d6180000,0x00000000d6180000,0x00000000d6200000)
 ParOldGen       total 821760K, used 821369K [0x0000000080000000, 0x00000000b2280000, 0x00000000d5580000)
  object space 821760K, 99% used [0x0000000080000000,0x00000000b221e660,0x00000000b2280000)
 Metaspace       used 111340K, committed 113408K, reserved 1179648K
  class space    used 11255K, committed 12160K, reserved 1048576K
}
Event: 345861.242 GC heap after
{Heap after GC invocations=5374 (full 7):
 PSYoungGen      total 12288K, used 494K [0x00000000d5580000, 0x00000000d6300000, 0x0000000100000000)
  eden space 11776K, 0% used [0x00000000d5580000,0x00000000d5580000,0x00000000d6100000)
  from space 512K, 96% used [0x00000000d6180000,0x00000000d61fbb00,0x00000000d6200000)
  to   space 1024K, 0% used [0x00000000d6200000,0x00000000d6200000,0x00000000d6300000)
 ParOldGen       total 821760K, used 821617K [0x0000000080000000, 0x00000000b2280000, 0x00000000d5580000)
  object space 821760K, 99% used [0x0000000080000000,0x00000000b225c660,0x00000000b2280000)
 Metaspace       used 111340K, committed 113408K, reserved 1179648K
  class space    used 11255K, committed 12160K, reserved 1048576K
}
Event: 345861.271 GC heap before
{Heap before GC invocations=5375 (full 7):
 PSYoungGen      total 12288K, used 12270K [0x00000000d5580000, 0x00000000d6300000, 0x0000000100000000)
  eden space 11776K, 100% used [0x00000000d5580000,0x00000000d6100000,0x00000000d6100000)
  from space 512K, 96% used [0x00000000d6180000,0x00000000d61fbb00,0x00000000d6200000)
  to   space 1024K, 0% used [0x00000000d6200000,0x00000000d6200000,0x00000000d6300000)
 ParOldGen       total 821760K, used 821617K [0x0000000080000000, 0x00000000b2280000, 0x00000000d5580000)
  object space 821760K, 99% used [0x0000000080000000,0x00000000b225c660,0x00000000b2280000)
 Metaspace       used 111341K, committed 113408K, reserved 1179648K
  class space    used 11255K, committed 12160K, reserved 1048576K
}
Event: 345861.274 GC heap after
{Heap after GC invocations=5375 (full 7):
 PSYoungGen      total 11776K, used 1012K [0x00000000d5580000, 0x00000000d6500000, 0x0000000100000000)
  eden space 10752K, 0% used [0x00000000d5580000,0x00000000d5580000,0x00000000d6000000)
  from space 1024K, 98% used [0x00000000d6200000,0x00000000d62fd220,0x00000000d6300000)
  to   space 2048K, 0% used [0x00000000d6000000,0x00000000d6000000,0x00000000d6200000)
 ParOldGen       total 822272K, used 822022K [0x0000000080000000, 0x00000000b2300000, 0x00000000d5580000)
  object space 822272K, 99% used [0x0000000080000000,0x00000000b22c1870,0x00000000b2300000)
 Metaspace       used 111341K, committed 113408K, reserved 1179648K
  class space    used 11255K, committed 12160K, reserved 1048576K
}
Event: 345861.305 GC heap before
{Heap before GC invocations=5376 (full 7):
 PSYoungGen      total 11776K, used 11692K [0x00000000d5580000, 0x00000000d6500000, 0x0000000100000000)
  eden space 10752K, 99% used [0x00000000d5580000,0x00000000d5fee090,0x00000000d6000000)
  from space 1024K, 98% used [0x00000000d6200000,0x00000000d62fd220,0x00000000d6300000)
  to   space 2048K, 0% used [0x00000000d6000000,0x00000000d6000000,0x00000000d6200000)
 ParOldGen       total 822272K, used 822022K [0x0000000080000000, 0x00000000b2300000, 0x00000000d5580000)
  object space 822272K, 99% used [0x0000000080000000,0x00000000b22c1870,0x00000000b2300000)
 Metaspace       used 111341K, committed 113408K, reserved 1179648K
  class space    used 11255K, committed 12160K, reserved 1048576K
}
Event: 345861.308 GC heap after
{Heap after GC invocations=5376 (full 7):
 PSYoungGen      total 12800K, used 2024K [0x00000000d5580000, 0x00000000d6b00000, 0x0000000100000000)
  eden space 10752K, 0% used [0x00000000d5580000,0x00000000d5580000,0x00000000d6000000)
  from space 2048K, 98% used [0x00000000d6000000,0x00000000d61fa238,0x00000000d6200000)
  to   space 5632K, 0% used [0x00000000d6580000,0x00000000d6580000,0x00000000d6b00000)
 ParOldGen       total 824832K, used 824760K [0x0000000080000000, 0x00000000b2580000, 0x00000000d5580000)
  object space 824832K, 99% used [0x0000000080000000,0x00000000b256e3f8,0x00000000b2580000)
 Metaspace       used 111341K, committed 113408K, reserved 1179648K
  class space    used 11255K, committed 12160K, reserved 1048576K
}
Event: 345861.326 GC heap before
{Heap before GC invocations=5377 (full 7):
 PSYoungGen      total 12800K, used 12776K [0x00000000d5580000, 0x00000000d6b00000, 0x0000000100000000)
  eden space 10752K, 100% used [0x00000000d5580000,0x00000000d6000000,0x00000000d6000000)
  from space 2048K, 98% used [0x00000000d6000000,0x00000000d61fa238,0x00000000d6200000)
  to   space 5632K, 0% used [0x00000000d6580000,0x00000000d6580000,0x00000000d6b00000)
 ParOldGen       total 824832K, used 824760K [0x0000000080000000, 0x00000000b2580000, 0x00000000d5580000)
  object space 824832K, 99% used [0x0000000080000000,0x00000000b256e3f8,0x00000000b2580000)
 Metaspace       used 111341K, committed 113408K, reserved 1179648K
  class space    used 11255K, committed 12160K, reserved 1048576K
}
Event: 345861.330 GC heap after
{Heap after GC invocations=5377 (full 7):
 PSYoungGen      total 11264K, used 384K [0x00000000d5580000, 0x00000000d6600000, 0x0000000100000000)
  eden space 10752K, 0% used [0x00000000d5580000,0x00000000d5580000,0x00000000d6000000)
  from space 512K, 75% used [0x00000000d6580000,0x00000000d65e0000,0x00000000d6600000)
  to   space 2048K, 0% used [0x00000000d6200000,0x00000000d6200000,0x00000000d6400000)
 ParOldGen       total 825344K, used 825229K [0x0000000080000000, 0x00000000b2600000, 0x00000000d5580000)
  object space 825344K, 99% used [0x0000000080000000,0x00000000b25e35f8,0x00000000b2600000)
 Metaspace       used 111341K, committed 113408K, reserved 1179648K
  class space    used 11255K, committed 12160K, reserved 1048576K
}
Event: 346078.441 GC heap before
{Heap before GC invocations=5378 (full 7):
 PSYoungGen      total 11264K, used 11136K [0x00000000d5580000, 0x00000000d6600000, 0x0000000100000000)
  eden space 10752K, 100% used [0x00000000d5580000,0x00000000d6000000,0x00000000d6000000)
  from space 512K, 75% used [0x00000000d6580000,0x00000000d65e0000,0x00000000d6600000)
  to   space 2048K, 0% used [0x00000000d6200000,0x00000000d6200000,0x00000000d6400000)
 ParOldGen       total 825344K, used 825229K [0x0000000080000000, 0x00000000b2600000, 0x00000000d5580000)
  object space 825344K, 99% used [0x0000000080000000,0x00000000b25e35f8,0x00000000b2600000)
 Metaspace       used 111344K, committed 113408K, reserved 1179648K
  class space    used 11255K, committed 12160K, reserved 1048576K
}
Event: 346078.448 GC heap after
{Heap after GC invocations=5378 (full 7):
 PSYoungGen      total 12800K, used 899K [0x00000000d5580000, 0x00000000d6600000, 0x0000000100000000)
  eden space 10752K, 0% used [0x00000000d5580000,0x00000000d5580000,0x00000000d6000000)
  from space 2048K, 43% used [0x00000000d6200000,0x00000000d62e0d40,0x00000000d6400000)
  to   space 1536K, 0% used [0x00000000d6480000,0x00000000d6480000,0x00000000d6600000)
 ParOldGen       total 825856K, used 825525K [0x0000000080000000, 0x00000000b2680000, 0x00000000d5580000)
  object space 825856K, 99% used [0x0000000080000000,0x00000000b262d5f8,0x00000000b2680000)
 Metaspace       used 111344K, committed 113408K, reserved 1179648K
  class space    used 11255K, committed 12160K, reserved 1048576K
}
Event: 346078.477 GC heap before
{Heap before GC invocations=5379 (full 7):
 PSYoungGen      total 12800K, used 11651K [0x00000000d5580000, 0x00000000d6600000, 0x0000000100000000)
  eden space 10752K, 100% used [0x00000000d5580000,0x00000000d6000000,0x00000000d6000000)
  from space 2048K, 43% used [0x00000000d6200000,0x00000000d62e0d40,0x00000000d6400000)
  to   space 1536K, 0% used [0x00000000d6480000,0x00000000d6480000,0x00000000d6600000)
 ParOldGen       total 825856K, used 825525K [0x0000000080000000, 0x00000000b2680000, 0x00000000d5580000)
  object space 825856K, 99% used [0x0000000080000000,0x00000000b262d5f8,0x00000000b2680000)
 Metaspace       used 111344K, committed 113408K, reserved 1179648K
  class space    used 11255K, committed 12160K, reserved 1048576K
}
Event: 346078.482 GC heap after
{Heap after GC invocations=5379 (full 7):
 PSYoungGen      total 11776K, used 1002K [0x00000000d5580000, 0x00000000d6580000, 0x0000000100000000)
  eden space 10752K, 0% used [0x00000000d5580000,0x00000000d5580000,0x00000000d6000000)
  from space 1024K, 97% used [0x00000000d6480000,0x00000000d657a910,0x00000000d6580000)
  to   space 1536K, 0% used [0x00000000d6280000,0x00000000d6280000,0x00000000d6400000)
 ParOldGen       total 826368K, used 825994K [0x0000000080000000, 0x00000000b2700000, 0x00000000d5580000)
  object space 826368K, 99% used [0x0000000080000000,0x00000000b26a2838,0x00000000b2700000)
 Metaspace       used 111344K, committed 113408K, reserved 1179648K
  class space    used 11255K, committed 12160K, reserved 1048576K
}
Event: 346078.535 GC heap before
{Heap before GC invocations=5380 (full 7):
 PSYoungGen      total 11776K, used 11754K [0x00000000d5580000, 0x00000000d6580000, 0x0000000100000000)
  eden space 10752K, 100% used [0x00000000d5580000,0x00000000d6000000,0x00000000d6000000)
  from space 1024K, 97% used [0x00000000d6480000,0x00000000d657a910,0x00000000d6580000)
  to   space 1536K, 0% used [0x00000000d6280000,0x00000000d6280000,0x00000000d6400000)
 ParOldGen       total 826368K, used 825994K [0x0000000080000000, 0x00000000b2700000, 0x00000000d5580000)
  object space 826368K, 99% used [0x0000000080000000,0x00000000b26a2838,0x00000000b2700000)
 Metaspace       used 111344K, committed 113408K, reserved 1179648K
  class space    used 11255K, committed 12160K, reserved 1048576K
}
Event: 346078.537 GC heap after
{Heap after GC invocations=5380 (full 7):
 PSYoungGen      total 12288K, used 605K [0x00000000d5580000, 0x00000000d6500000, 0x0000000100000000)
  eden space 10752K, 0% used [0x00000000d5580000,0x00000000d5580000,0x00000000d6000000)
  from space 1536K, 39% used [0x00000000d6280000,0x00000000d6317708,0x00000000d6400000)
  to   space 1024K, 0% used [0x00000000d6400000,0x00000000d6400000,0x00000000d6500000)
 ParOldGen       total 826880K, used 826754K [0x0000000080000000, 0x00000000b2780000, 0x00000000d5580000)
  object space 826880K, 99% used [0x0000000080000000,0x00000000b2760848,0x00000000b2780000)
 Metaspace       used 111344K, committed 113408K, reserved 1179648K
  class space    used 11255K, committed 12160K, reserved 1048576K
}
Event: 346078.843 GC heap before
{Heap before GC invocations=5381 (full 7):
 PSYoungGen      total 12288K, used 11357K [0x00000000d5580000, 0x00000000d6500000, 0x0000000100000000)
  eden space 10752K, 100% used [0x00000000d5580000,0x00000000d6000000,0x00000000d6000000)
  from space 1536K, 39% used [0x00000000d6280000,0x00000000d6317708,0x00000000d6400000)
  to   space 1024K, 0% used [0x00000000d6400000,0x00000000d6400000,0x00000000d6500000)
 ParOldGen       total 826880K, used 826754K [0x0000000080000000, 0x00000000b2780000, 0x00000000d5580000)
  object space 826880K, 99% used [0x0000000080000000,0x00000000b2760848,0x00000000b2780000)
 Metaspace       used 111344K, committed 113408K, reserved 1179648K
  class space    used 11255K, committed 12160K, reserved 1048576K
}
Event: 346078.845 GC heap after
{Heap after GC invocations=5381 (full 7):
 PSYoungGen      total 11776K, used 548K [0x00000000d5580000, 0x00000000d6500000, 0x0000000100000000)
  eden space 10752K, 0% used [0x00000000d5580000,0x00000000d5580000,0x00000000d6000000)
  from space 1024K, 53% used [0x00000000d6400000,0x00000000d6489230,0x00000000d6500000)
  to   space 1024K, 0% used [0x00000000d6300000,0x00000000d6300000,0x00000000d6400000)
 ParOldGen       total 827392K, used 827189K [0x0000000080000000, 0x00000000b2800000, 0x00000000d5580000)
  object space 827392K, 99% used [0x0000000080000000,0x00000000b27cd650,0x00000000b2800000)
 Metaspace       used 111344K, committed 113408K, reserved 1179648K
  class space    used 11255K, committed 12160K, reserved 1048576K
}
Event: 346081.462 GC heap before
{Heap before GC invocations=5382 (full 7):
 PSYoungGen      total 11776K, used 11281K [0x00000000d5580000, 0x00000000d6500000, 0x0000000100000000)
  eden space 10752K, 99% used [0x00000000d5580000,0x00000000d5ffb540,0x00000000d6000000)
  from space 1024K, 53% used [0x00000000d6400000,0x00000000d6489230,0x00000000d6500000)
  to   space 1024K, 0% used [0x00000000d6300000,0x00000000d6300000,0x00000000d6400000)
 ParOldGen       total 827392K, used 827189K [0x0000000080000000, 0x00000000b2800000, 0x00000000d5580000)
  object space 827392K, 99% used [0x0000000080000000,0x00000000b27cd650,0x00000000b2800000)
 Metaspace       used 111348K, committed 113472K, reserved 1179648K
  class space    used 11256K, committed 12224K, reserved 1048576K
}
Event: 346081.464 GC heap after
{Heap after GC invocations=5382 (full 7):
 PSYoungGen      total 11776K, used 256K [0x00000000d5580000, 0x00000000d6480000, 0x0000000100000000)
  eden space 10752K, 0% used [0x00000000d5580000,0x00000000d5580000,0x00000000d6000000)
  from space 1024K, 25% used [0x00000000d6300000,0x00000000d6340000,0x00000000d6400000)
  to   space 512K, 0% used [0x00000000d6400000,0x00000000d6400000,0x00000000d6480000)
 ParOldGen       total 827392K, used 827301K [0x0000000080000000, 0x00000000b2800000, 0x00000000d5580000)
  object space 827392K, 99% used [0x0000000080000000,0x00000000b27e9670,0x00000000b2800000)
 Metaspace       used 111348K, committed 113472K, reserved 1179648K
  class space    used 11256K, committed 12224K, reserved 1048576K
}

